<?xml version="1.0" encoding="UTF-8"?>
<!-- Generated by org.testng.reporters.JUnitReportReporter -->
<testsuite skipped="0" hostname="SoftKing" name="tests.Calc" tests="1" failures="0" timestamp="2021-06-16T19:42:24 IST" time="0.025" errors="0">
  <testcase name="add" time="0.025" classname="tests.Calc"/>
  <system-out/>
</testsuite> <!-- tests.Calc -->
