<?xml version="1.0" encoding="UTF-8"?>
<!-- Generated by org.testng.reporters.JUnitReportReporter -->
<testsuite skipped="0" hostname="SoftKing" name="Calc" tests="1" failures="0" timestamp="2021-06-15T18:30:55 IST" time="0.011" errors="0">
  <testcase name="add" time="0.011" classname="Calc"/>
  <system-out/>
</testsuite> <!-- Calc -->
